{"D:\\Code Learn\\js\\interview\\food-delivery\\src\\index.ts": {"path":"D:\\Code Learn\\js\\interview\\food-delivery\\src\\index.ts","statementMap":{"0":{"start":{"line":1,"column":0},"end":{"line":1,"column":30}},"1":{"start":{"line":2,"column":0},"end":{"line":2,"column":44}},"2":{"start":{"line":3,"column":0},"end":{"line":3,"column":34}},"3":{"start":{"line":4,"column":0},"end":{"line":4,"column":52}},"4":{"start":{"line":5,"column":0},"end":{"line":5,"column":68}},"5":{"start":{"line":6,"column":0},"end":{"line":6,"column":62}},"6":{"start":{"line":7,"column":0},"end":{"line":7,"column":27}},"7":{"start":{"line":9,"column":33},"end":{"line":9,"column":42}},"8":{"start":{"line":25,"column":9},"end":{"line":25,"column":12}},"9":{"start":{"line":10,"column":13},"end":{"line":10,"column":41}},"10":{"start":{"line":11,"column":23},"end":{"line":11,"column":40}},"11":{"start":{"line":25,"column":14},"end":{"line":25,"column":20}},"12":{"start":{"line":13,"column":0},"end":{"line":13,"column":24}},"13":{"start":{"line":14,"column":0},"end":{"line":14,"column":19}},"14":{"start":{"line":15,"column":0},"end":{"line":15,"column":27}},"15":{"start":{"line":17,"column":0},"end":{"line":19,"column":3}},"16":{"start":{"line":18,"column":2},"end":{"line":18,"column":36}},"17":{"start":{"line":21,"column":0},"end":{"line":23,"column":3}},"18":{"start":{"line":22,"column":2},"end":{"line":22,"column":48}}},"fnMap":{"0":{"name":"(anonymous_1)","decl":{"start":{"line":17,"column":23},"end":{"line":17,"column":26}},"loc":{"start":{"line":17,"column":28},"end":{"line":19,"column":1}}},"1":{"name":"(anonymous_2)","decl":{"start":{"line":21,"column":20},"end":{"line":21,"column":23}},"loc":{"start":{"line":21,"column":25},"end":{"line":23,"column":1}}}},"branchMap":{"0":{"loc":{"start":{"line":10,"column":13},"end":{"line":10,"column":41}},"type":"binary-expr","locations":[{"start":{"line":10,"column":13},"end":{"line":10,"column":33}},{"start":{"line":10,"column":37},"end":{"line":10,"column":41}}]}},"s":{"0":1,"1":1,"2":1,"3":1,"4":1,"5":1,"6":1,"7":1,"8":1,"9":1,"10":1,"11":1,"12":1,"13":1,"14":1,"15":1,"16":1,"17":1,"18":1},"f":{"0":1,"1":1},"b":{"0":[1,0]}}
,"D:\\Code Learn\\js\\interview\\food-delivery\\src\\config\\index.ts": {"path":"D:\\Code Learn\\js\\interview\\food-delivery\\src\\config\\index.ts","statementMap":{"0":{"start":{"line":1,"column":0},"end":{"line":1,"column":46}},"1":{"start":{"line":3,"column":13},"end":{"line":3,"column":41}}},"fnMap":{},"branchMap":{},"s":{"0":1,"1":1},"f":{},"b":{}}
,"D:\\Code Learn\\js\\interview\\food-delivery\\src\\helpers\\error.helper.ts": {"path":"D:\\Code Learn\\js\\interview\\food-delivery\\src\\helpers\\error.helper.ts","statementMap":{"0":{"start":{"line":3,"column":21},"end":{"line":27,"column":1}},"1":{"start":{"line":9,"column":2},"end":{"line":9,"column":32}},"2":{"start":{"line":10,"column":23},"end":{"line":22,"column":71}},"3":{"start":{"line":12,"column":29},"end":{"line":12,"column":45}},"4":{"start":{"line":21,"column":31},"end":{"line":21,"column":46}},"5":{"start":{"line":23,"column":2},"end":{"line":26,"column":5}},"6":{"start":{"line":29,"column":0},"end":{"line":29,"column":28}}},"fnMap":{"0":{"name":"(anonymous_0)","decl":{"start":{"line":3,"column":21},"end":{"line":3,"column":null}},"loc":{"start":{"line":8,"column":4},"end":{"line":27,"column":1}}},"1":{"name":"(anonymous_1)","decl":{"start":{"line":12,"column":13},"end":{"line":12,"column":14}},"loc":{"start":{"line":12,"column":29},"end":{"line":12,"column":45}}},"2":{"name":"(anonymous_2)","decl":{"start":{"line":21,"column":24},"end":{"line":21,"column":25}},"loc":{"start":{"line":21,"column":31},"end":{"line":21,"column":46}}}},"branchMap":{"0":{"loc":{"start":{"line":9,"column":13},"end":{"line":9,"column":30}},"type":"binary-expr","locations":[{"start":{"line":9,"column":13},"end":{"line":9,"column":23}},{"start":{"line":9,"column":27},"end":{"line":9,"column":30}}]},"1":{"loc":{"start":{"line":10,"column":23},"end":{"line":22,"column":71}},"type":"cond-expr","locations":[{"start":{"line":11,"column":6},"end":{"line":13,"column":15}},{"start":{"line":14,"column":6},"end":{"line":22,"column":71}}]},"2":{"loc":{"start":{"line":14,"column":6},"end":{"line":22,"column":71}},"type":"cond-expr","locations":[{"start":{"line":15,"column":6},"end":{"line":21,"column":67}},{"start":{"line":22,"column":6},"end":{"line":22,"column":71}}]},"3":{"loc":{"start":{"line":14,"column":6},"end":{"line":14,"column":40}},"type":"cond-expr","locations":[{"start":{"line":14,"column":17},"end":{"line":14,"column":19}},{"start":{"line":14,"column":17},"end":{"line":14,"column":40}}]},"4":{"loc":{"start":{"line":14,"column":6},"end":{"line":14,"column":19}},"type":"binary-expr","locations":[{"start":{"line":14,"column":6},"end":{"line":14,"column":19}},{"start":{"line":14,"column":17},"end":{"line":14,"column":19}}]},"5":{"loc":{"start":{"line":22,"column":6},"end":{"line":22,"column":71}},"type":"binary-expr","locations":[{"start":{"line":22,"column":6},"end":{"line":22,"column":18}},{"start":{"line":22,"column":22},"end":{"line":22,"column":45}},{"start":{"line":22,"column":49},"end":{"line":22,"column":71}}]},"6":{"loc":{"start":{"line":22,"column":6},"end":{"line":22,"column":18}},"type":"cond-expr","locations":[{"start":{"line":22,"column":9},"end":{"line":22,"column":11}},{"start":{"line":22,"column":6},"end":{"line":22,"column":18}}]},"7":{"loc":{"start":{"line":22,"column":6},"end":{"line":22,"column":11}},"type":"binary-expr","locations":[{"start":{"line":22,"column":6},"end":{"line":22,"column":11}},{"start":{"line":22,"column":6},"end":{"line":22,"column":11}}]},"8":{"loc":{"start":{"line":22,"column":22},"end":{"line":22,"column":45}},"type":"cond-expr","locations":[{"start":{"line":22,"column":32},"end":{"line":22,"column":34}},{"start":{"line":22,"column":32},"end":{"line":22,"column":45}}]},"9":{"loc":{"start":{"line":22,"column":22},"end":{"line":22,"column":34}},"type":"binary-expr","locations":[{"start":{"line":22,"column":22},"end":{"line":22,"column":34}},{"start":{"line":22,"column":32},"end":{"line":22,"column":34}}]},"10":{"loc":{"start":{"line":22,"column":22},"end":{"line":22,"column":32}},"type":"cond-expr","locations":[{"start":{"line":22,"column":25},"end":{"line":22,"column":27}},{"start":{"line":22,"column":22},"end":{"line":22,"column":32}}]},"11":{"loc":{"start":{"line":22,"column":22},"end":{"line":22,"column":27}},"type":"binary-expr","locations":[{"start":{"line":22,"column":22},"end":{"line":22,"column":27}},{"start":{"line":22,"column":22},"end":{"line":22,"column":27}}]}},"s":{"0":1,"1":0,"2":0,"3":0,"4":0,"5":0,"6":1},"f":{"0":0,"1":0,"2":0},"b":{"0":[0,0],"1":[0,0],"2":[0,0],"3":[0,0],"4":[0,0],"5":[0,0,0],"6":[0,0],"7":[0,0],"8":[0,0],"9":[0,0],"10":[0,0],"11":[0,0]}}
,"D:\\Code Learn\\js\\interview\\food-delivery\\src\\helpers\\router.helper.ts": {"path":"D:\\Code Learn\\js\\interview\\food-delivery\\src\\helpers\\router.helper.ts","statementMap":{"0":{"start":{"line":2,"column":0},"end":{"line":2,"column":45}},"1":{"start":{"line":3,"column":0},"end":{"line":3,"column":24}},"2":{"start":{"line":5,"column":22},"end":{"line":25,"column":1}},"3":{"start":{"line":7,"column":21},"end":{"line":7,"column":70}},"4":{"start":{"line":9,"column":2},"end":{"line":24,"column":5}},"5":{"start":{"line":11,"column":4},"end":{"line":23,"column":5}},"6":{"start":{"line":15,"column":21},"end":{"line":21,"column":8}},"7":{"start":{"line":22,"column":6},"end":{"line":22,"column":64}},"8":{"start":{"line":27,"column":0},"end":{"line":27,"column":29}}},"fnMap":{"0":{"name":"(anonymous_1)","decl":{"start":{"line":5,"column":22},"end":{"line":5,"column":23}},"loc":{"start":{"line":5,"column":43},"end":{"line":25,"column":1}}},"1":{"name":"(anonymous_2)","decl":{"start":{"line":9,"column":21},"end":{"line":9,"column":22}},"loc":{"start":{"line":9,"column":32},"end":{"line":24,"column":3}}}},"branchMap":{"0":{"loc":{"start":{"line":11,"column":4},"end":{"line":23,"column":5}},"type":"if","locations":[{"start":{"line":11,"column":4},"end":{"line":23,"column":5}}]},"1":{"loc":{"start":{"line":12,"column":6},"end":{"line":13,"column":75}},"type":"binary-expr","locations":[{"start":{"line":12,"column":6},"end":{"line":12,"column":75}},{"start":{"line":13,"column":6},"end":{"line":13,"column":75}}]}},"s":{"0":1,"1":1,"2":1,"3":1,"4":1,"5":3,"6":0,"7":0,"8":1},"f":{"0":1,"1":3},"b":{"0":[0],"1":[3,3]}}
,"D:\\Code Learn\\js\\interview\\food-delivery\\src\\middlewares\\bottom.middleware.ts": {"path":"D:\\Code Learn\\js\\interview\\food-delivery\\src\\middlewares\\bottom.middleware.ts","statementMap":{"0":{"start":{"line":2,"column":0},"end":{"line":2,"column":51}},"1":{"start":{"line":4,"column":30},"end":{"line":15,"column":1}},"2":{"start":{"line":6,"column":2},"end":{"line":12,"column":5}},"3":{"start":{"line":6,"column":35},"end":{"line":12,"column":4}},"4":{"start":{"line":7,"column":4},"end":{"line":7,"column":20}},"5":{"start":{"line":8,"column":4},"end":{"line":11,"column":7}},"6":{"start":{"line":14,"column":2},"end":{"line":14,"column":24}},"7":{"start":{"line":17,"column":0},"end":{"line":17,"column":37}}},"fnMap":{"0":{"name":"(anonymous_8)","decl":{"start":{"line":4,"column":30},"end":{"line":4,"column":31}},"loc":{"start":{"line":4,"column":51},"end":{"line":15,"column":1}}},"1":{"name":"(anonymous_9)","decl":{"start":{"line":6,"column":10},"end":{"line":6,"column":17}},"loc":{"start":{"line":6,"column":35},"end":{"line":12,"column":4}}},"2":{"name":"(anonymous_10)","decl":{"start":{"line":6,"column":35},"end":{"line":6,"column":null}},"loc":{"start":{"line":6,"column":35},"end":{"line":12,"column":3}}}},"branchMap":{},"s":{"0":1,"1":1,"2":1,"3":2,"4":2,"5":2,"6":1,"7":1},"f":{"0":1,"1":2,"2":2},"b":{}}
,"D:\\Code Learn\\js\\interview\\food-delivery\\src\\middlewares\\top.middleware.ts": {"path":"D:\\Code Learn\\js\\interview\\food-delivery\\src\\middlewares\\top.middleware.ts","statementMap":{"0":{"start":{"line":1,"column":0},"end":{"line":1,"column":24}},"1":{"start":{"line":2,"column":0},"end":{"line":2,"column":47}},"2":{"start":{"line":3,"column":0},"end":{"line":3,"column":28}},"3":{"start":{"line":4,"column":0},"end":{"line":4,"column":41}},"4":{"start":{"line":5,"column":0},"end":{"line":5,"column":43}},"5":{"start":{"line":7,"column":23},"end":{"line":41,"column":2}},"6":{"start":{"line":43,"column":27},"end":{"line":83,"column":1}},"7":{"start":{"line":45,"column":2},"end":{"line":51,"column":4}},"8":{"start":{"line":54,"column":2},"end":{"line":59,"column":4}},"9":{"start":{"line":61,"column":2},"end":{"line":61,"column":26}},"10":{"start":{"line":64,"column":2},"end":{"line":64,"column":20}},"11":{"start":{"line":67,"column":16},"end":{"line":67,"column":44}},"12":{"start":{"line":68,"column":2},"end":{"line":68,"column":60}},"13":{"start":{"line":71,"column":2},"end":{"line":82,"column":5}},"14":{"start":{"line":72,"column":4},"end":{"line":79,"column":7}},"15":{"start":{"line":81,"column":4},"end":{"line":81,"column":11}},"16":{"start":{"line":85,"column":0},"end":{"line":85,"column":34}}},"fnMap":{"0":{"name":"(anonymous_1)","decl":{"start":{"line":43,"column":27},"end":{"line":43,"column":28}},"loc":{"start":{"line":43,"column":48},"end":{"line":83,"column":1}}},"1":{"name":"(anonymous_2)","decl":{"start":{"line":71,"column":10},"end":{"line":71,"column":11}},"loc":{"start":{"line":71,"column":29},"end":{"line":82,"column":3}}}},"branchMap":{"0":{"loc":{"start":{"line":77,"column":15},"end":{"line":77,"column":52}},"type":"cond-expr","locations":[{"start":{"line":77,"column":37},"end":{"line":77,"column":39}},{"start":{"line":77,"column":37},"end":{"line":77,"column":52}}]},"1":{"loc":{"start":{"line":77,"column":15},"end":{"line":77,"column":39}},"type":"binary-expr","locations":[{"start":{"line":77,"column":15},"end":{"line":77,"column":39}},{"start":{"line":77,"column":37},"end":{"line":77,"column":39}}]},"2":{"loc":{"start":{"line":77,"column":15},"end":{"line":77,"column":37}},"type":"cond-expr","locations":[{"start":{"line":77,"column":18},"end":{"line":77,"column":20}},{"start":{"line":77,"column":15},"end":{"line":77,"column":37}}]},"3":{"loc":{"start":{"line":77,"column":15},"end":{"line":77,"column":20}},"type":"binary-expr","locations":[{"start":{"line":77,"column":15},"end":{"line":77,"column":20}},{"start":{"line":77,"column":15},"end":{"line":77,"column":20}}]}},"s":{"0":1,"1":1,"2":1,"3":1,"4":1,"5":1,"6":1,"7":1,"8":1,"9":1,"10":1,"11":1,"12":1,"13":1,"14":2,"15":2,"16":1},"f":{"0":1,"1":2},"b":{"0":[2,0],"1":[2,2],"2":[0,2],"3":[2,2]}}
}
