TN:
SF:src\index.ts
FN:17,(anonymous_1)
FN:21,(anonymous_2)
FNF:2
FNH:2
FNDA:1,(anonymous_1)
FNDA:1,(anonymous_2)
DA:1,1
DA:2,1
DA:3,1
DA:4,1
DA:5,1
DA:6,1
DA:7,1
DA:9,1
DA:10,1
DA:11,1
DA:13,1
DA:14,1
DA:15,1
DA:17,1
DA:18,1
DA:21,1
DA:22,1
DA:25,1
LF:18
LH:18
BRDA:10,0,0,1
BRDA:10,0,1,0
BRF:2
BRH:1
end_of_record
TN:
SF:src\config\index.ts
FNF:0
FNH:0
DA:1,1
DA:3,1
LF:2
LH:2
BRF:0
BRH:0
end_of_record
TN:
SF:src\helpers\error.helper.ts
FN:3,(anonymous_0)
FN:12,(anonymous_1)
FN:21,(anonymous_2)
FNF:3
FNH:0
FNDA:0,(anonymous_0)
FNDA:0,(anonymous_1)
FNDA:0,(anonymous_2)
DA:3,1
DA:9,0
DA:10,0
DA:12,0
DA:21,0
DA:23,0
DA:29,1
LF:7
LH:2
BRDA:9,0,0,0
BRDA:9,0,1,0
BRDA:10,1,0,0
BRDA:10,1,1,0
BRDA:14,2,0,0
BRDA:14,2,1,0
BRDA:14,3,0,0
BRDA:14,3,1,0
BRDA:14,4,0,0
BRDA:14,4,1,0
BRDA:22,5,0,0
BRDA:22,5,1,0
BRDA:22,5,2,0
BRDA:22,6,0,0
BRDA:22,6,1,0
BRDA:22,7,0,0
BRDA:22,7,1,0
BRDA:22,8,0,0
BRDA:22,8,1,0
BRDA:22,9,0,0
BRDA:22,9,1,0
BRDA:22,10,0,0
BRDA:22,10,1,0
BRDA:22,11,0,0
BRDA:22,11,1,0
BRF:25
BRH:0
end_of_record
TN:
SF:src\helpers\router.helper.ts
FN:5,(anonymous_1)
FN:9,(anonymous_2)
FNF:2
FNH:2
FNDA:1,(anonymous_1)
FNDA:3,(anonymous_2)
DA:2,1
DA:3,1
DA:5,1
DA:7,1
DA:9,1
DA:11,3
DA:15,0
DA:22,0
DA:27,1
LF:9
LH:7
BRDA:11,0,0,0
BRDA:12,1,0,3
BRDA:12,1,1,3
BRF:3
BRH:2
end_of_record
TN:
SF:src\middlewares\bottom.middleware.ts
FN:4,(anonymous_8)
FN:6,(anonymous_9)
FN:6,(anonymous_10)
FNF:3
FNH:3
FNDA:1,(anonymous_8)
FNDA:2,(anonymous_9)
FNDA:2,(anonymous_10)
DA:2,1
DA:4,1
DA:6,2
DA:7,2
DA:8,2
DA:14,1
DA:17,1
LF:7
LH:7
BRF:0
BRH:0
end_of_record
TN:
SF:src\middlewares\top.middleware.ts
FN:43,(anonymous_1)
FN:71,(anonymous_2)
FNF:2
FNH:2
FNDA:1,(anonymous_1)
FNDA:2,(anonymous_2)
DA:1,1
DA:2,1
DA:3,1
DA:4,1
DA:5,1
DA:7,1
DA:43,1
DA:45,1
DA:54,1
DA:61,1
DA:64,1
DA:67,1
DA:68,1
DA:71,1
DA:72,2
DA:81,2
DA:85,1
LF:17
LH:17
BRDA:77,0,0,2
BRDA:77,0,1,0
BRDA:77,1,0,2
BRDA:77,1,1,2
BRDA:77,2,0,0
BRDA:77,2,1,2
BRDA:77,3,0,2
BRDA:77,3,1,2
BRF:8
BRH:6
end_of_record
